<?xml version="1.0" encoding="UTF-8"?>
<testng-results skipped="0" failed="0" total="1" passed="1">
  <reporter-output>
    <line>
      <![CDATA[<div "featureFile">Feature File: EndtoEnd.feature</div>]]>
    </line>
    <line>
      <![CDATA[<div "feature">Feature: To complete the flow of buying a ticket from Cleartrip</div>]]>
    </line>
    <line>
      <![CDATA[<div "scenario">Scenario: Just to Setup the Architecture</div>]]>
    </line>
    <line>
      <![CDATA[<div "result">Given  I am navigating to site (passed : 6s)</div>]]>
    </line>
    <line>
      <![CDATA[<div "result">And  Set Value on the First page with some params (passed : 0s)</div>]]>
    </line>
    <line>
      <![CDATA[<div "result">And  Click on Book Button on second page (passed : 0s)</div>]]>
    </line>
    <line>
      <![CDATA[<div "result">And  Do continue booking (passed : 0s)</div>]]>
    </line>
    <line>
      <![CDATA[<div "result">And  Give Travellers information with some params (passed : 0s)</div>]]>
    </line>
    <line>
      <![CDATA[<div "result">Then  Give Payment information and proceed (passed : 0s)</div>]]>
    </line>
  </reporter-output>
  <suite name="Suite" duration-ms="10326" started-at="2017-02-05T07:18:45Z" finished-at="2017-02-05T07:18:55Z">
    <groups>
      <group name="cucumber">
        <method signature="TestngTestRunner.run_cukes()[pri:0, instance:Engine.TestngTestRunner@267517e4]" name="run_cukes" class="Engine.TestngTestRunner"/>
      </group> <!-- cucumber -->
    </groups>
    <test name="Test" duration-ms="10326" started-at="2017-02-05T07:18:45Z" finished-at="2017-02-05T07:18:55Z">
      <class name="Engine.TestngTestRunner">
        <test-method status="PASS" signature="beforeMethod(java.lang.String, java.lang.String)[pri:0, instance:Engine.TestngTestRunner@267517e4]" name="beforeMethod" is-config="true" duration-ms="3707" started-at="2017-02-05T12:48:45Z" finished-at="2017-02-05T12:48:48Z">
          <params>
            <param index="0">
              <value>
                <![CDATA[FF]]>
              </value>
            </param>
            <param index="1">
              <value>
                <![CDATA[https://www.cleartrip.com/]]>
              </value>
            </param>
          </params>
          <reporter-output>
          </reporter-output>
        </test-method> <!-- beforeMethod -->
        <test-method status="PASS" signature="run_cukes()[pri:0, instance:Engine.TestngTestRunner@267517e4]" name="run_cukes" duration-ms="6475" started-at="2017-02-05T12:48:48Z" description="Runs Cucumber Features" finished-at="2017-02-05T12:48:55Z">
          <reporter-output>
            <line>
              <![CDATA[<div "featureFile">Feature File: EndtoEnd.feature</div>]]>
            </line>
            <line>
              <![CDATA[<div "feature">Feature: To complete the flow of buying a ticket from Cleartrip</div>]]>
            </line>
            <line>
              <![CDATA[<div "scenario">Scenario: Just to Setup the Architecture</div>]]>
            </line>
            <line>
              <![CDATA[<div "result">Given  I am navigating to site (passed : 6s)</div>]]>
            </line>
            <line>
              <![CDATA[<div "result">And  Set Value on the First page with some params (passed : 0s)</div>]]>
            </line>
            <line>
              <![CDATA[<div "result">And  Click on Book Button on second page (passed : 0s)</div>]]>
            </line>
            <line>
              <![CDATA[<div "result">And  Do continue booking (passed : 0s)</div>]]>
            </line>
            <line>
              <![CDATA[<div "result">And  Give Travellers information with some params (passed : 0s)</div>]]>
            </line>
            <line>
              <![CDATA[<div "result">Then  Give Payment information and proceed (passed : 0s)</div>]]>
            </line>
          </reporter-output>
        </test-method> <!-- run_cukes -->
        <test-method status="PASS" signature="afterMethod()[pri:0, instance:Engine.TestngTestRunner@267517e4]" name="afterMethod" is-config="true" duration-ms="128" started-at="2017-02-05T12:48:55Z" finished-at="2017-02-05T12:48:55Z">
          <reporter-output>
          </reporter-output>
        </test-method> <!-- afterMethod -->
      </class> <!-- Engine.TestngTestRunner -->
    </test> <!-- Test -->
  </suite> <!-- Suite -->
</testng-results>
