<?xml version="1.0" encoding="UTF-8"?>
<testng-results skipped="0" failed="0" total="1" passed="1">
  <reporter-output>
    <line>
      <![CDATA[<div "featureFile">Feature File: EndtoEnd.feature</div>]]>
    </line>
    <line>
      <![CDATA[<div "feature">Feature: To complete the flow of buying a ticket from Cleartrip</div>]]>
    </line>
    <line>
      <![CDATA[<div "scenario">Scenario: Just to Setup the Architecture</div>]]>
    </line>
    <line>
      <![CDATA[<div "result">Given  I am navigating to site (passed : 4s)</div>]]>
    </line>
    <line>
      <![CDATA[<div "result">And  Select kind of Trip as &quot;One way&quot; (passed : 0s)</div>]]>
    </line>
    <line>
      <![CDATA[<div "result">And  Select Booking From &quot;Bangalore, IN - Kempegowda International Airport (BLR)&quot; to &quot;Varanasi, IN - Lal Bahadur Shastri (VNS)&quot; (passed : 2s)</div>]]>
    </line>
    <line>
      <![CDATA[<div "result">And  Set Value on the First page with some params (passed : 0s)</div>]]>
    </line>
    <line>
      <![CDATA[<div "result">And  Click on Book Button on second page (passed : 0s)</div>]]>
    </line>
    <line>
      <![CDATA[<div "result">And  Do continue booking (passed : 0s)</div>]]>
    </line>
    <line>
      <![CDATA[<div "result">And  Give Travellers information with some params (passed : 0s)</div>]]>
    </line>
    <line>
      <![CDATA[<div "result">Then  Give Payment information and proceed (passed : 0s)</div>]]>
    </line>
  </reporter-output>
  <suite name="Suite" duration-ms="12789" started-at="2017-02-05T09:22:28Z" finished-at="2017-02-05T09:22:41Z">
    <groups>
      <group name="cucumber">
        <method signature="TestngTestRunner.run_cukes()[pri:0, instance:Engine.TestngTestRunner@267517e4]" name="run_cukes" class="Engine.TestngTestRunner"/>
      </group> <!-- cucumber -->
    </groups>
    <test name="Test" duration-ms="12789" started-at="2017-02-05T09:22:28Z" finished-at="2017-02-05T09:22:41Z">
      <class name="Engine.TestngTestRunner">
        <test-method status="PASS" signature="beforeMethod(java.lang.String, java.lang.String)[pri:0, instance:Engine.TestngTestRunner@267517e4]" name="beforeMethod" is-config="true" duration-ms="5237" started-at="2017-02-05T14:52:28Z" finished-at="2017-02-05T14:52:33Z">
          <params>
            <param index="0">
              <value>
                <![CDATA[chrome]]>
              </value>
            </param>
            <param index="1">
              <value>
                <![CDATA[https://www.cleartrip.com/]]>
              </value>
            </param>
          </params>
          <reporter-output>
          </reporter-output>
        </test-method> <!-- beforeMethod -->
        <test-method status="PASS" signature="run_cukes()[pri:0, instance:Engine.TestngTestRunner@267517e4]" name="run_cukes" duration-ms="7413" started-at="2017-02-05T14:52:33Z" description="Runs Cucumber Features" finished-at="2017-02-05T14:52:40Z">
          <reporter-output>
            <line>
              <![CDATA[<div "featureFile">Feature File: EndtoEnd.feature</div>]]>
            </line>
            <line>
              <![CDATA[<div "feature">Feature: To complete the flow of buying a ticket from Cleartrip</div>]]>
            </line>
            <line>
              <![CDATA[<div "scenario">Scenario: Just to Setup the Architecture</div>]]>
            </line>
            <line>
              <![CDATA[<div "result">Given  I am navigating to site (passed : 4s)</div>]]>
            </line>
            <line>
              <![CDATA[<div "result">And  Select kind of Trip as &quot;One way&quot; (passed : 0s)</div>]]>
            </line>
            <line>
              <![CDATA[<div "result">And  Select Booking From &quot;Bangalore, IN - Kempegowda International Airport (BLR)&quot; to &quot;Varanasi, IN - Lal Bahadur Shastri (VNS)&quot; (passed : 2s)</div>]]>
            </line>
            <line>
              <![CDATA[<div "result">And  Set Value on the First page with some params (passed : 0s)</div>]]>
            </line>
            <line>
              <![CDATA[<div "result">And  Click on Book Button on second page (passed : 0s)</div>]]>
            </line>
            <line>
              <![CDATA[<div "result">And  Do continue booking (passed : 0s)</div>]]>
            </line>
            <line>
              <![CDATA[<div "result">And  Give Travellers information with some params (passed : 0s)</div>]]>
            </line>
            <line>
              <![CDATA[<div "result">Then  Give Payment information and proceed (passed : 0s)</div>]]>
            </line>
          </reporter-output>
        </test-method> <!-- run_cukes -->
        <test-method status="PASS" signature="afterMethod()[pri:0, instance:Engine.TestngTestRunner@267517e4]" name="afterMethod" is-config="true" duration-ms="125" started-at="2017-02-05T14:52:40Z" finished-at="2017-02-05T14:52:41Z">
          <reporter-output>
          </reporter-output>
        </test-method> <!-- afterMethod -->
      </class> <!-- Engine.TestngTestRunner -->
    </test> <!-- Test -->
  </suite> <!-- Suite -->
</testng-results>
