<?xml version="1.0" encoding="UTF-8"?>
<testng-results skipped="0" failed="0" total="1" passed="1">
  <reporter-output>
  </reporter-output>
  <suite name="Suite" duration-ms="320" started-at="2017-02-02T19:25:41Z" finished-at="2017-02-02T19:25:41Z">
    <groups>
      <group name="cucumber">
        <method signature="TestngTestRunner.run_cukes()[pri:0, instance:Engine.TestngTestRunner@604ed9f0]" name="run_cukes" class="Engine.TestngTestRunner"/>
      </group> <!-- cucumber -->
    </groups>
    <test name="Test" duration-ms="320" started-at="2017-02-02T19:25:41Z" finished-at="2017-02-02T19:25:41Z">
      <class name="Engine.TestngTestRunner">
        <test-method status="PASS" signature="beforeMethod()[pri:0, instance:Engine.TestngTestRunner@604ed9f0]" name="beforeMethod" is-config="true" duration-ms="9" started-at="2017-02-03T00:55:41Z" finished-at="2017-02-03T00:55:41Z">
          <reporter-output>
          </reporter-output>
        </test-method> <!-- beforeMethod -->
        <test-method status="PASS" signature="run_cukes()[pri:0, instance:Engine.TestngTestRunner@604ed9f0]" name="run_cukes" duration-ms="273" started-at="2017-02-03T00:55:41Z" description="Runs Cucumber Features" finished-at="2017-02-03T00:55:41Z">
          <reporter-output>
          </reporter-output>
        </test-method> <!-- run_cukes -->
        <test-method status="PASS" signature="afterMethod()[pri:0, instance:Engine.TestngTestRunner@604ed9f0]" name="afterMethod" is-config="true" duration-ms="1" started-at="2017-02-03T00:55:41Z" finished-at="2017-02-03T00:55:41Z">
          <reporter-output>
          </reporter-output>
        </test-method> <!-- afterMethod -->
      </class> <!-- Engine.TestngTestRunner -->
    </test> <!-- Test -->
  </suite> <!-- Suite -->
</testng-results>
